
<interactive>:10:23: error: [GHC-88333]
    Incorrect type variable on the LHS of injectivity condition
         Expected : r
         Actual   : a

<interactive>:11:24: error: [GHC-88333]
    Incorrect type variable on the LHS of injectivity condition
         Expected : r
         Actual   : a

<interactive>:12:37: error: [GHC-88333]
    Incorrect type variable on the LHS of injectivity condition
         Expected : r
         Actual   : a

<interactive>:15:19: error: [GHC-99412]
    Type variable ‘a’, naming a type family result,
    shadows an already bound type variable

<interactive>:16:20: error: [GHC-99412]
    Type variable ‘a’, naming a type family result,
    shadows an already bound type variable

<interactive>:19:20: error: [GHC-99412]
    Type variable ‘a’, naming a type family result,
    shadows an already bound type variable

<interactive>:19:24: error: [GHC-48254]
    Unknown type variable on the RHS of injectivity condition: a

<interactive>:20:21: error: [GHC-99412]
    Type variable ‘a’, naming a type family result,
    shadows an already bound type variable

<interactive>:20:25: error: [GHC-48254]
    Unknown type variable on the RHS of injectivity condition: a

<interactive>:21:35: error: [GHC-99412]
    Type variable ‘a’, naming a type family result,
    shadows an already bound type variable

<interactive>:21:39: error: [GHC-48254]
    Unknown type variable on the RHS of injectivity condition: a

<interactive>:24:1: error: [GHC-76037]
    Not in scope: type variable ‘c’

<interactive>:25:1: error: [GHC-76037]
    Not in scope: type variable ‘c’

<interactive>:26:23: error: [GHC-76037]
    Not in scope: type variable ‘c’

<interactive>:34:1: error: [GHC-76037]
    Not in scope: type variable ‘c’

<interactive>:35:1: error: [GHC-76037]
    Not in scope: type variable ‘c’

<interactive>:36:23: error: [GHC-76037]
    Not in scope: type variable ‘c’

<interactive>:39:33: error: [GHC-99412]
    Type variable ‘a’, naming a type family result,
    shadows an already bound type variable

<interactive>:42:37: error: [GHC-48254]
    Unknown type variable on the RHS of injectivity condition: b
