
Test10278.hs:9:27: error:
    Not in scope: type constructor or class ‘Tower’

Test10278.hs:9:39: error:
    Not in scope: type constructor or class ‘Tower’

Test10278.hs:10:34: error:
    Not in scope: type constructor or class ‘Tower’

Test10278.hs:10:46: error:
    Not in scope: type constructor or class ‘Tower’

Test10278.hs:12:24: error: Not in scope: ‘zeroNewton’

Test10278.hs:12:36: error: Not in scope: ‘diffUU’
