
ExplicitForAllFams3.hs:7:28: error: [GHC-76037]
    Not in scope: type variable ‘b’

ExplicitForAllFams3.hs:10:33: error: [GHC-76037]
    Not in scope: type variable ‘b’

ExplicitForAllFams3.hs:13:33: error: [GHC-76037]
    Not in scope: type variable ‘b’

ExplicitForAllFams3.hs:16:36: error: [GHC-76037]
    Not in scope: type variable ‘b’

ExplicitForAllFams3.hs:22:34: error: [GHC-76037]
    Not in scope: type variable ‘b’

ExplicitForAllFams3.hs:23:34: error: [GHC-76037]
    Not in scope: type variable ‘b’
