T12867.hs:8:21: error: [GHC-83865]
    • Expected kind ‘k0 -> *’, but ‘TestM’ has kind ‘*’
    • In the first argument of ‘Eq’, namely ‘(TestM a)’
      In the type ‘(Eq (TestM a))’
      In the type synonym declaration for ‘Test2’

T12867.hs:10:1: error: [GHC-55912]
    • The associated type ‘TestM’
      mentions none of the type or kind variables of the class ‘Test a’
    • In the class declaration for ‘Test’

