
T18145.hs:10:44: error: [GHC-76037] Not in scope: type variable ‘a’

T18145.hs:14:41: error: [GHC-76037] Not in scope: type variable ‘a’

T18145.hs:17:41: error: [GHC-76037] Not in scope: type variable ‘a’
