
tcfail027.hs:4:1: error: [GHC-29210]
    • Superclass cycle for ‘A’
        one of whose superclasses is ‘B’
        one of whose superclasses is ‘A’
    • In the class declaration for ‘A’
    Suggested fix:
      Perhaps you intended to use the ‘UndecidableSuperClasses’ extension

tcfail027.hs:7:1: error: [GHC-29210]
    • Superclass cycle for ‘B’
        one of whose superclasses is ‘A’
        one of whose superclasses is ‘B’
    • In the class declaration for ‘B’
    Suggested fix:
      Perhaps you intended to use the ‘UndecidableSuperClasses’ extension
